/work/van-speech-nlp/jindaznb/slamenv/bin/python
Configuration:
Task: all
Prompt Flag: 
Config File: w2p-wavlm-dual
Epochs: 2
Batch Size: 4
Data Folder: psst_phoneme
Use PEFT: false
LLM Name: vicuna7b
Freeze Encoder: true
speech encoder name: wavlm
speech encoder path: /work/van-speech-nlp/jindaznb/jslpnb/mllm_experiments/slam-llm/models/WavLM-Large.pt
speech encoder2 name: w2v2
speech encoder2 path: vitouphy/wav2vec2-xls-r-300m-timit-phoneme
llm_path: 
Identifier: 
use_peft: false
use_fp16: 
Final identifier: psst_phoneme_wavlm_vicuna7b_dual_freeze_llm
No checkpoint found in /work/van-speech-nlp/jindaznb/jslpnb/mllm_experiments/slam-llm/out/psst_phoneme_wavlm_vicuna7b_dual_freeze_llm
ckpt_folder: /work/van-speech-nlp/jindaznb/jslpnb/mllm_experiments/slam-llm/out/psst_phoneme_wavlm_vicuna7b_dual_freeze_llm/
Resume epoch: 1
Resume step: 0
[2024-11-28 07:08:00][root][INFO] - train_config: {'model_name': 'asr', 'enable_ddp': False, 'enable_deepspeed': False, 'enable_fsdp': False, 'low_cpu_fsdp': False, 'run_validation': True, 'batch_size_training': 4, 'batching_strategy': 'custom', 'context_length': 4096, 'gradient_accumulation_steps': 1, 'num_epochs': 2, 'resume_step': 0, 'resume_epoch': 1, 'num_workers_dataloader': 1, 'warmup_steps': 1000, 'total_steps': 100000, 'validation_interval': 3000, 'lr': 0.0001, 'weight_decay': 0.0, 'gamma': 0.85, 'seed': 42, 'use_fp16': True, 'mixed_precision': True, 'val_batch_size': 4, 'use_peft': False, 'peft_config': {'peft_method': 'lora', 'r': 8, 'lora_alpha': 32, 'target_modules': ['q_proj', 'k_proj', 'v_proj', 'o_proj', 'up_proj', 'gate_proj', 'down_proj'], 'bias': 'none', 'task_type': 'CAUSAL_LM', 'lora_dropout': 0.05, 'inference_mode': False}, 'output_dir': '/work/van-speech-nlp/jindaznb/jslpnb/mllm_experiments/slam-llm/out/psst_phoneme_wavlm_vicuna7b_dual_freeze_llm', 'freeze_layers': False, 'num_freeze_layers': 1, 'quantization': False, 'one_gpu': False, 'save_model': True, 'dist_checkpoint_root_folder': 'PATH/to/save/FSDP/model', 'dist_checkpoint_folder': 'fine-tuned', 'save_optimizer': False, 'use_fast_kernels': False, 'run_test_during_validation': False, 'run_test_during_validation_file': 'test.wav', 'run_test_during_validation_prompt': '<|ASR|>', 'freeze_llm': True, 'freeze_encoder': True, 'freeze_encoder2': True}
[2024-11-28 07:08:00][root][INFO] - fsdp_config: {'mixed_precision': True, 'use_fp16': True, 'sharding_strategy': 'NO_SHARD', 'checkpoint_type': 'SHARDED_STATE_DICT', 'fsdp_activation_checkpointing': True, 'fsdp_cpu_offload': False, 'pure_bf16': False, 'optimizer': 'AdamW'}
[2024-11-28 07:08:00][root][INFO] - model_config: {'file': 'examples/asr_librispeech/model/slam_model_asr.py:model_factory', 'llm_name': 'vicuna7b', 'llm_path': '/work/van-speech-nlp/jindaznb/jslpnb/mllm_experiments/slam-llm/models/vicuna-7b-v1.5', 'llm_type': 'decoder_only', 'llm_dim': 4096, 'encoder_name': 'wavlm', 'encoder_ds_rate': 2, 'encoder_path': '/work/van-speech-nlp/jindaznb/jslpnb/mllm_experiments/slam-llm/models/WavLM-Large.pt', 'encoder_dim': 1024, 'encoder_projector': 'dual', 'encoder_projector_ds_rate': 5, 'modal': 'audio', 'normalize': True, 'encoder_type': 'finetune', 'encoder2_name': 'w2v2', 'encoder2_dim': 1024, 'encoder2_path': 'vitouphy/wav2vec2-xls-r-300m-timit-phoneme'}
[2024-11-28 07:08:00][root][INFO] - log_config: {'use_wandb': True, 'wandb_dir': '/work/van-speech-nlp/jindaznb/jslpnb/mllm_experiments/slam-llm/out/log/wandb_log', 'wandb_entity_name': 'jindaz-work', 'wandb_project_name': 'SLAM-LLM', 'wandb_exp_name': 'psst_phoneme_wavlm_vicuna7b_dual_freeze_llm', 'log_file': '/work/van-speech-nlp/jindaznb/jslpnb/mllm_experiments/slam-llm/out/log/2024-11-28_07-07-59.txt', 'log_interval': 5}
wandb: Currently logged in as: jindaz (jindaz-work). Use `wandb login --relogin` to force relogin
wandb: wandb version 0.18.7 is available!  To upgrade, please run:
wandb:  $ pip install wandb --upgrade
wandb: Tracking run with wandb version 0.17.4
wandb: Run data is saved locally in /work/van-speech-nlp/jindaznb/jslpnb/mllm_experiments/slam-llm/out/log/wandb_log/wandb/run-20241128_070801-uafqyoq7
wandb: Run `wandb offline` to turn off syncing.
wandb: Syncing run psst_phoneme_wavlm_vicuna7b_dual_freeze_llm
wandb: ‚≠êÔ∏è View project at https://wandb.ai/jindaz-work/SLAM-LLM
wandb: üöÄ View run at https://wandb.ai/jindaz-work/SLAM-LLM/runs/uafqyoq7
Error executing job with overrides: ['++model_config.llm_name=vicuna7b', '++model_config.llm_path=/work/van-speech-nlp/jindaznb/jslpnb/mllm_experiments/slam-llm/models/vicuna-7b-v1.5', '++model_config.llm_dim=4096', '++model_config.encoder_name=wavlm', '++model_config.normalize=true', '++dataset_config.normalize=true', '++model_config.encoder_projector_ds_rate=5', '++model_config.encoder_path=/work/van-speech-nlp/jindaznb/jslpnb/mllm_experiments/slam-llm/models/WavLM-Large.pt', '++model_config.encoder2_name=w2v2', '++model_config.encoder2_path=vitouphy/wav2vec2-xls-r-300m-timit-phoneme', '++model_config.encoder_dim=1024', '++model_config.encoder_projector=dual', '++dataset_config.dataset=speech_dataset', '++dataset_config.train_data_path=/work/van-speech-nlp/jindaznb/jslpnb/mllm_experiments/slam-llm/data/psst_phoneme/train.jsonl', '++dataset_config.file=src/slam_llm/datasets/speech_dataset.py:get_speech_dataset', '++dataset_config.val_data_path=/work/van-speech-nlp/jindaznb/jslpnb/mllm_experiments/slam-llm/data/psst_phoneme/validation.jsonl', '++dataset_config.input_type=raw', '++train_config.model_name=asr', '++train_config.num_epochs=2', '++train_config.freeze_encoder=true', '++train_config.freeze_encoder2=true', '++train_config.freeze_llm=true', '++train_config.batching_strategy=custom', '++train_config.warmup_steps=1000', '++train_config.total_steps=100000', '++train_config.lr=1e-4', '++train_config.validation_interval=3000', '++train_config.batch_size_training=4', '++train_config.val_batch_size=4', '++train_config.num_workers_dataloader=1', '++train_config.output_dir=/work/van-speech-nlp/jindaznb/jslpnb/mllm_experiments/slam-llm/out/psst_phoneme_wavlm_vicuna7b_dual_freeze_llm', '++train_config.use_fp16=true', '++train_config.use_peft=false', '++train_config.resume_epoch=1', '++train_config.resume_step=0', '++log_config.use_wandb=true', '++log_config.wandb_exp_name=psst_phoneme_wavlm_vicuna7b_dual_freeze_llm', '++dataset_config.input_type=raw']
Traceback (most recent call last):
  File "/work/van-speech-nlp/jindaznb/slamenv/lib/python3.10/site-packages/soundfile.py", line 164, in <module>
    _snd = _ffi.dlopen(_full_path)  # OSError if file doesn't exist or can't be loaded
OSError: cannot load library '/work/van-speech-nlp/jindaznb/slamenv/lib/python3.10/site-packages/_soundfile_data/libsndfile_x86_64.so': libmvec.so.1: cannot open shared object file: No such file or directory

During handling of the above exception, another exception occurred:

Traceback (most recent call last):
  File "/work/van-speech-nlp/jindaznb/slamenv/lib/python3.10/site-packages/soundfile.py", line 170, in <module>
    raise OSError('sndfile library not found using ctypes.util.find_library')
OSError: sndfile library not found using ctypes.util.find_library

During handling of the above exception, another exception occurred:

Traceback (most recent call last):
  File "/work/van-speech-nlp/jindaznb/jslpnb/mllm_experiments/slam-llm/examples/asr_librispeech/finetune_asr.py", line 56, in <module>
    main_hydra()
  File "/work/van-speech-nlp/jindaznb/slamenv/lib/python3.10/site-packages/hydra/main.py", line 94, in decorated_main
    _run_hydra(
  File "/work/van-speech-nlp/jindaznb/slamenv/lib/python3.10/site-packages/hydra/_internal/utils.py", line 394, in _run_hydra
    _run_app(
  File "/work/van-speech-nlp/jindaznb/slamenv/lib/python3.10/site-packages/hydra/_internal/utils.py", line 457, in _run_app
    run_and_report(
  File "/work/van-speech-nlp/jindaznb/slamenv/lib/python3.10/site-packages/hydra/_internal/utils.py", line 223, in run_and_report
    raise ex
  File "/work/van-speech-nlp/jindaznb/slamenv/lib/python3.10/site-packages/hydra/_internal/utils.py", line 220, in run_and_report
    return func()
  File "/work/van-speech-nlp/jindaznb/slamenv/lib/python3.10/site-packages/hydra/_internal/utils.py", line 458, in <lambda>
    lambda: hydra.run(
  File "/work/van-speech-nlp/jindaznb/slamenv/lib/python3.10/site-packages/hydra/_internal/hydra.py", line 132, in run
    _ = ret.return_value
  File "/work/van-speech-nlp/jindaznb/slamenv/lib/python3.10/site-packages/hydra/core/utils.py", line 260, in return_value
    raise self._return_value
  File "/work/van-speech-nlp/jindaznb/slamenv/lib/python3.10/site-packages/hydra/core/utils.py", line 186, in run_job
    ret.return_value = task_function(task_cfg)
  File "/work/van-speech-nlp/jindaznb/jslpnb/mllm_experiments/slam-llm/examples/asr_librispeech/finetune_asr.py", line 52, in main_hydra
    train(kwargs)
  File "/work/van-speech-nlp/jindaznb/jslpnb/mllm_experiments/slam-llm/src/slam_llm/pipeline/finetune.py", line 156, in main
    model_factory = get_custom_model_factory(model_config, logger)
  File "/work/van-speech-nlp/jindaznb/jslpnb/mllm_experiments/slam-llm/src/slam_llm/utils/model_utils.py", line 24, in get_custom_model_factory
    module = load_module_from_py_file(module_path.as_posix())
  File "/work/van-speech-nlp/jindaznb/jslpnb/mllm_experiments/slam-llm/src/slam_llm/utils/dataset_utils.py", line 23, in load_module_from_py_file
    loader.exec_module(module)
  File "<frozen importlib._bootstrap_external>", line 883, in exec_module
  File "<frozen importlib._bootstrap>", line 241, in _call_with_frames_removed
  File "examples/asr_librispeech/model/slam_model_asr.py", line 5, in <module>
    from slam_llm.models.slam_model import (
  File "/work/van-speech-nlp/jindaznb/jslpnb/mllm_experiments/slam-llm/src/slam_llm/models/slam_model.py", line 4, in <module>
    import soundfile as sf
  File "/work/van-speech-nlp/jindaznb/slamenv/lib/python3.10/site-packages/soundfile.py", line 192, in <module>
    _snd = _ffi.dlopen(_explicit_libname)
OSError: cannot load library 'libsndfile.so': libsndfile.so: cannot open shared object file: No such file or directory
wandb: - 0.010 MB of 0.010 MB uploadedwandb: \ 0.010 MB of 0.010 MB uploadedwandb: | 0.010 MB of 0.010 MB uploadedwandb: / 0.019 MB of 0.036 MB uploaded (0.008 MB deduped)wandb: üöÄ View run psst_phoneme_wavlm_vicuna7b_dual_freeze_llm at: https://wandb.ai/jindaz-work/SLAM-LLM/runs/uafqyoq7
wandb: ‚≠êÔ∏è View project at: https://wandb.ai/jindaz-work/SLAM-LLM
wandb: Synced 5 W&B file(s), 0 media file(s), 2 artifact file(s) and 0 other file(s)
wandb: Find logs at: ./out/log/wandb_log/wandb/run-20241128_070801-uafqyoq7/logs
wandb: WARNING The new W&B backend becomes opt-out in version 0.18.0; try it out with `wandb.require("core")`! See https://wandb.me/wandb-core for more information.
Selected latest checkpoint by epoch: 
No checkpoint found in /work/van-speech-nlp/jindaznb/jslpnb/mllm_experiments/slam-llm/out/psst_phoneme_wavlm_vicuna7b_dual_freeze_llm
